<?xml version="1.0" encoding="UTF-8"?>
<!--
/*
 * (c) Copyright 2018 Micro Focus or one of its affiliates.
 *
 * Licensed under the Apache License, Version 2.0 (the "License");
 * you may not use this file except in compliance with the License.
 * You may obtain a copy of the License at
 *
 * http://www.apache.org/licenses/LICENSE-2.0
 *
 * Unless required by applicable law or agreed to in writing, software
 * distributed under the License is distributed on an "AS IS" BASIS,
 * WITHOUT WARRANTIES OR CONDITIONS OF ANY KIND, either express or implied.
 * See the License for the specific language governing permissions and
 * limitations under the License.
 *
 */
-->
<testsuite name="com.microfocus.adm.almoctane.ciplugins.gocd.report.junit.JUnitReportParserTest" tests="3" skipped="1" failures="1" errors="0" timestamp="2017-11-08T13:13:06" hostname="hypo" time="0.057">
	<properties/>
	<testcase name="testComparison" classname="com.microfocus.adm.almoctane.ciplugins.gocd.report.junit.JUnitReportParserTest" time="0.057">
		<failure message="org.junit.ComparisonFailure: 1 is not 2" type="org.junit.ComparisonFailure">org.junit.ComparisonFailure: 1 is not 2
			at org.junit.Assert.assertEquals(Assert.java:115)
		</failure>
	</testcase>
	<testcase name="ignoredTest" classname="com.microfocus.adm.almoctane.ciplugins.gocd.report.junit.JUnitReportParserTest" time="0.0">
		<skipped/>
	</testcase>
	<testcase name="testWithOwnOutput" classname="com.microfocus.adm.almoctane.ciplugins.gocd.report.junit.JUnitReportParserTest" time="0.0">
		<system-out><![CDATA[]]></system-out>
		<system-err><![CDATA[]]></system-err>
	</testcase>
	<system-out><![CDATA[]]></system-out>
	<system-err><![CDATA[]]></system-err>
</testsuite>
